TN:
SF:src/app.ts
FN:19,(anonymous_10)
FNF:1
FNH:1
FNDA:1,(anonymous_10)
DA:1,1
DA:2,1
DA:3,1
DA:4,1
DA:5,1
DA:7,1
DA:9,1
DA:12,1
DA:13,1
DA:14,1
DA:15,1
DA:16,1
DA:19,1
DA:20,1
DA:23,1
LF:15
LH:15
BRF:0
BRH:0
end_of_record
TN:
SF:src/middleware/auth.ts
FN:6,(anonymous_0)
FN:13,(anonymous_1)
FNF:2
FNH:2
FNDA:2,(anonymous_0)
FNDA:2,(anonymous_1)
DA:1,1
DA:2,1
DA:4,1
DA:6,1
DA:7,2
DA:8,1
DA:10,1
DA:13,1
DA:15,2
DA:16,1
DA:18,1
LF:11
LH:11
BRDA:7,0,0,1
BRDA:7,0,1,1
BRDA:15,1,0,1
BRDA:15,1,1,1
BRDA:15,2,0,2
BRDA:15,2,1,2
BRF:6
BRH:6
end_of_record
TN:
SF:src/models/schema.ts
FNF:0
FNH:0
DA:1,1
DA:3,1
DA:12,1
DA:23,1
DA:31,1
LF:5
LH:5
BRF:0
BRH:0
end_of_record
